<?xml version="1.0" encoding="UTF-8"?>
<robot generator="Robot 5.0.1 (Python 3.11.0 on win32)" generated="20221229 22:14:20.965" rpa="false" schemaversion="3">
<suite id="s1" name="Code1" source="c:\Users\naikp\OneDrive\Desktop\Pythoncourse\robotframework\code1.robot">
<test id="s1-t1" name="login_Test" line="10">
<kw name="Open Browser" library="SeleniumLibrary">
<arg>${url1}</arg>
<arg>${browser}</arg>
<doc>Opens a new browser instance to the optional ``url``.</doc>
<msg timestamp="20221229 22:14:21.485" level="INFO">Opening browser 'chrome' to base url 'https://opensource-demo.orangehrmlive.com/web/index.php/auth/login'.</msg>
<status status="PASS" starttime="20221229 22:14:21.485" endtime="20221229 22:14:26.902"/>
</kw>
<kw name="Maximize Browser Window" library="SeleniumLibrary">
<doc>Maximizes current browser window.</doc>
<status status="PASS" starttime="20221229 22:14:26.902" endtime="20221229 22:14:27.028"/>
</kw>
<kw name="Login_to_orangehrm" library="code1ops">
<kw name="Sleep" library="BuiltIn">
<arg>7</arg>
<doc>Pauses the test executed for the given time.</doc>
<msg timestamp="20221229 22:14:34.033" level="INFO">Slept 7 seconds</msg>
<status status="PASS" starttime="20221229 22:14:27.033" endtime="20221229 22:14:34.035"/>
</kw>
<kw name="Get Title" library="SeleniumLibrary">
<var>${Title}</var>
<doc>Returns the title of the current page.</doc>
<msg timestamp="20221229 22:14:34.046" level="INFO">${Title} = OrangeHRM</msg>
<status status="PASS" starttime="20221229 22:14:34.035" endtime="20221229 22:14:34.046"/>
</kw>
<kw name="Set Variable" library="BuiltIn">
<var>${userbox}</var>
<arg>xpath://body/div[@id='app']/div[1]/div[1]/div[1]/div[1]/div[2]/div[2]/form[1]/div[1]/div[1]/div[2]/input[1]</arg>
<doc>Returns the given values which can then be assigned to a variables.</doc>
<msg timestamp="20221229 22:14:34.052" level="INFO">${userbox} = xpath://body/div[@id='app']/div[1]/div[1]/div[1]/div[1]/div[2]/div[2]/form[1]/div[1]/div[1]/div[2]/input[1]</msg>
<status status="PASS" starttime="20221229 22:14:34.046" endtime="20221229 22:14:34.052"/>
</kw>
<kw name="Element Should Be Enabled" library="SeleniumLibrary">
<arg>${userbox}</arg>
<doc>Verifies that element identified by ``locator`` is enabled.</doc>
<status status="PASS" starttime="20221229 22:14:34.053" endtime="20221229 22:14:34.155"/>
</kw>
<kw name="Element Should Be Visible" library="SeleniumLibrary">
<arg>${userbox}</arg>
<doc>Verifies that the element identified by ``locator`` is visible.</doc>
<msg timestamp="20221229 22:14:34.205" level="INFO">Element 'xpath://body/div[@id='app']/div[1]/div[1]/div[1]/div[1]/div[2]/div[2]/form[1]/div[1]/div[1]/div[2]/input[1]' is displayed.</msg>
<status status="PASS" starttime="20221229 22:14:34.155" endtime="20221229 22:14:34.205"/>
</kw>
<kw name="Input Text" library="SeleniumLibrary">
<arg>${userbox}</arg>
<arg>Admin</arg>
<doc>Types the given ``text`` into the text field identified by ``locator``.</doc>
<msg timestamp="20221229 22:14:34.210" level="INFO">Typing text 'Admin' into text field 'xpath://body/div[@id='app']/div[1]/div[1]/div[1]/div[1]/div[2]/div[2]/form[1]/div[1]/div[1]/div[2]/input[1]'.</msg>
<status status="PASS" starttime="20221229 22:14:34.205" endtime="20221229 22:14:34.375"/>
</kw>
<kw name="Sleep" library="BuiltIn">
<arg>5</arg>
<doc>Pauses the test executed for the given time.</doc>
<msg timestamp="20221229 22:14:39.376" level="INFO">Slept 5 seconds</msg>
<status status="PASS" starttime="20221229 22:14:34.375" endtime="20221229 22:14:39.376"/>
</kw>
<kw name="Press Key" library="SeleniumLibrary">
<arg>${userbox}</arg>
<arg>CTRL+A+DELETE</arg>
<doc>*DEPRECATED in SeleniumLibrary 4.0.* use `Press Keys` instead.</doc>
<msg timestamp="20221229 22:14:39.376" level="WARN">Keyword 'SeleniumLibrary.Press Key' is deprecated. use `Press Keys` instead.</msg>
<status status="PASS" starttime="20221229 22:14:39.376" endtime="20221229 22:14:39.555"/>
</kw>
<kw name="Sleep" library="BuiltIn">
<arg>5</arg>
<doc>Pauses the test executed for the given time.</doc>
<msg timestamp="20221229 22:14:44.556" level="INFO">Slept 5 seconds</msg>
<status status="PASS" starttime="20221229 22:14:39.555" endtime="20221229 22:14:44.556"/>
</kw>
<status status="PASS" starttime="20221229 22:14:27.031" endtime="20221229 22:14:44.556"/>
</kw>
<status status="PASS" starttime="20221229 22:14:21.485" endtime="20221229 22:14:44.556"/>
</test>
<status status="PASS" starttime="20221229 22:14:20.976" endtime="20221229 22:14:44.566"/>
</suite>
<statistics>
<total>
<stat pass="1" fail="0" skip="0">All Tests</stat>
</total>
<tag>
</tag>
<suite>
<stat pass="1" fail="0" skip="0" id="s1" name="Code1">Code1</stat>
</suite>
</statistics>
<errors>
<msg timestamp="20221229 22:14:39.376" level="WARN">Keyword 'SeleniumLibrary.Press Key' is deprecated. use `Press Keys` instead.</msg>
</errors>
</robot>
